[INFO ] 2021-07-18 13:53:59.709 [Test worker] LogClass - Test is starting
[INFO ] 2021-07-18 13:54:31.280 [Test worker] LogClass - chrome is starting
[INFO ] 2021-07-18 13:55:36.279 [Test worker] LogClass - navigating to url : https://www.linkedin.com/
[INFO ] 2021-07-18 13:57:15.969 [Test worker] LogClass - Launched the web application.
[INFO ] 2021-07-18 13:57:18.181 [Test worker] LogClass - Sending email using sendKeys
[INFO ] 2021-07-18 13:57:24.908 [Test worker] LogClass - sending password using sendKeys
[INFO ] 2021-07-18 13:57:27.660 [Test worker] LogClass - clicking on signIn for logging into application
[INFO ] 2021-07-18 13:58:26.842 [Test worker] LogClass - Clicking on profile button
[INFO ] 2021-07-18 13:58:27.444 [Test worker] LogClass - Clicking on sign out
[INFO ] 2021-07-18 13:58:33.712 [Test worker] LogClass - Browser is closed
[INFO ] 2021-07-18 13:58:44.067 [Test worker] LogClass - Test is ended
[INFO ] 2021-07-18 14:15:41.297 [Test worker] LogClass - Test is starting
[INFO ] 2021-07-18 14:15:43.219 [Test worker] LogClass - chrome is starting
[INFO ] 2021-07-18 14:15:58.469 [Test worker] LogClass - navigating to url : https://www.linkedin.com/
[INFO ] 2021-07-18 14:16:21.032 [Test worker] LogClass - Launched the web application.
[INFO ] 2021-07-18 14:16:21.734 [Test worker] LogClass - Sending email using sendKeys
[INFO ] 2021-07-18 14:16:23.542 [Test worker] LogClass - sending password using sendKeys
[INFO ] 2021-07-18 14:16:26.261 [Test worker] LogClass - clicking on signIn for logging into application
[INFO ] 2021-07-18 14:17:05.269 [Test worker] LogClass - Browser is closed
[INFO ] 2021-07-18 14:17:06.711 [Test worker] LogClass - Test is ended
[INFO ] 2021-07-18 14:20:23.524 [Test worker] LogClass - Test is starting
[INFO ] 2021-07-18 14:20:24.149 [Test worker] LogClass - chrome is starting
[INFO ] 2021-07-18 14:20:30.492 [Test worker] LogClass - navigating to url : https://www.linkedin.com/
[INFO ] 2021-07-18 14:20:46.120 [Test worker] LogClass - Launched the web application.
[INFO ] 2021-07-18 14:20:46.708 [Test worker] LogClass - Sending email using sendKeys
[INFO ] 2021-07-18 14:20:48.823 [Test worker] LogClass - sending password using sendKeys
[INFO ] 2021-07-18 14:20:49.783 [Test worker] LogClass - clicking on signIn for logging into application
[INFO ] 2021-07-18 14:21:18.292 [Test worker] LogClass - Browser is closed
[INFO ] 2021-07-18 14:21:22.590 [Test worker] LogClass - Test is ended
[INFO ] 2021-07-18 14:26:43.289 [Test worker] LogClass - Test is starting
[INFO ] 2021-07-18 14:26:43.929 [Test worker] LogClass - chrome is starting
[INFO ] 2021-07-18 14:26:48.297 [Test worker] LogClass - navigating to url : https://www.linkedin.com/
[INFO ] 2021-07-18 14:27:06.384 [Test worker] LogClass - Launched the web application.
[INFO ] 2021-07-18 14:27:06.977 [Test worker] LogClass - Sending email using sendKeys
[INFO ] 2021-07-18 14:27:07.635 [Test worker] LogClass - sending password using sendKeys
[INFO ] 2021-07-18 14:27:10.046 [Test worker] LogClass - clicking on signIn for logging into application
[INFO ] 2021-07-18 14:28:04.638 [Test worker] LogClass - loginTo_Application_with_valid_credentials:take success screenshot
[INFO ] 2021-07-18 14:28:04.670 [Test worker] LogClass - Browser is closed
[INFO ] 2021-07-18 14:28:05.079 [Test worker] LogClass - Test is ended
[INFO ] 2021-07-18 14:47:43.220 [Test worker] LogClass - Test is starting
[INFO ] 2021-07-18 14:47:43.845 [Test worker] LogClass - chrome is starting
[INFO ] 2021-07-18 14:47:54.851 [Test worker] LogClass - navigating to url : https://www.linkedin.com/
[INFO ] 2021-07-18 14:48:16.478 [Test worker] LogClass - Launched the web application.
[INFO ] 2021-07-18 14:48:19.854 [Test worker] LogClass - logoutPage:take failed screenshot 
[INFO ] 2021-07-18 14:48:19.886 [Test worker] LogClass - Browser is closed
[INFO ] 2021-07-18 14:48:24.964 [Test worker] LogClass - Test is ended
[INFO ] 2021-07-18 15:09:12.804 [Test worker] LogClass - Test is starting
[INFO ] 2021-07-18 15:09:23.421 [Test worker] LogClass - chrome is starting
[INFO ] 2021-07-18 15:09:42.686 [Test worker] LogClass - navigating to url : https://www.linkedin.com/
[INFO ] 2021-07-18 15:10:01.938 [Test worker] LogClass - Launched the web application.
[INFO ] 2021-07-18 15:10:05.581 [Test worker] LogClass - logoutPage:take failed screenshot 
[INFO ] 2021-07-18 15:10:05.612 [Test worker] LogClass - Browser is closed
[INFO ] 2021-07-18 15:10:13.124 [Test worker] LogClass - Test is ended
[INFO ] 2021-07-18 15:11:39.302 [Test worker] LogClass - Test is starting
[INFO ] 2021-07-18 15:11:39.995 [Test worker] LogClass - chrome is starting
[INFO ] 2021-07-18 15:11:44.554 [Test worker] LogClass - navigating to url : https://www.linkedin.com/
[INFO ] 2021-07-18 15:12:03.876 [Test worker] LogClass - Launched the web application.
[INFO ] 2021-07-18 15:12:13.507 [Test worker] LogClass - logoutPage:take failed screenshot 
[INFO ] 2021-07-18 15:12:13.538 [Test worker] LogClass - Browser is closed
[INFO ] 2021-07-18 15:12:14.357 [Test worker] LogClass - Test is ended
[INFO ] 2021-07-18 15:17:05.617 [Test worker] LogClass - Test is starting
[INFO ] 2021-07-18 15:17:08.226 [Test worker] LogClass - chrome is starting
[INFO ] 2021-07-18 15:17:30.795 [Test worker] LogClass - navigating to url : https://www.linkedin.com/
[INFO ] 2021-07-18 15:18:01.475 [Test worker] LogClass - Launched the web application.
[INFO ] 2021-07-18 15:18:13.487 [Test worker] LogClass - logoutPage:take failed screenshot 
[INFO ] 2021-07-18 15:18:13.519 [Test worker] LogClass - Browser is closed
[INFO ] 2021-07-18 15:18:15.291 [Test worker] LogClass - Test is ended
[INFO ] 2021-07-18 15:20:23.199 [Test worker] LogClass - Test is starting
[INFO ] 2021-07-18 15:20:23.858 [Test worker] LogClass - chrome is starting
[INFO ] 2021-07-18 15:20:38.488 [Test worker] LogClass - navigating to url : https://www.linkedin.com/
[INFO ] 2021-07-18 15:20:53.253 [Test worker] LogClass - Launched the web application.
[INFO ] 2021-07-18 15:21:00.429 [Test worker] LogClass - logoutPage:take failed screenshot 
[INFO ] 2021-07-18 15:21:00.444 [Test worker] LogClass - Browser is closed
[INFO ] 2021-07-18 15:21:01.003 [Test worker] LogClass - Test is ended
[INFO ] 2021-07-18 16:02:05.851 [Test worker] LogClass - Test is starting
[INFO ] 2021-07-18 16:02:07.781 [Test worker] LogClass - chrome is starting
[INFO ] 2021-07-18 16:02:42.931 [Test worker] LogClass - navigating to url : https://www.linkedin.com/
[INFO ] 2021-07-18 16:03:16.013 [Test worker] LogClass - Launched the web application.
[INFO ] 2021-07-18 16:03:24.448 [Test worker] LogClass - Sending email using sendKeys
[INFO ] 2021-07-18 16:03:27.049 [Test worker] LogClass - sending password using sendKeys
[INFO ] 2021-07-18 16:03:27.957 [Test worker] LogClass - clicking on signIn for logging into application
[INFO ] 2021-07-18 16:04:10.363 [Test worker] LogClass - Clicking on profile button
[INFO ] 2021-07-18 16:04:11.003 [Test worker] LogClass - Clicking on sign out
[INFO ] 2021-07-18 16:04:14.417 [Test worker] LogClass - logoutPage:take failed screenshot 
[INFO ] 2021-07-18 16:04:14.419 [Test worker] LogClass - Sending email using sendKeys
[INFO ] 2021-07-18 16:04:14.810 [Test worker] LogClass - logoutPage:take failed screenshot 
[INFO ] 2021-07-18 16:04:14.854 [Test worker] LogClass - Browser is closed
[INFO ] 2021-07-18 16:04:22.697 [Test worker] LogClass - Test is ended
[INFO ] 2021-07-18 16:10:22.490 [Test worker] LogClass - Test is starting
[INFO ] 2021-07-18 16:10:36.158 [Test worker] LogClass - chrome is starting
[INFO ] 2021-07-18 16:10:57.883 [Test worker] LogClass - navigating to url : https://www.linkedin.com/
[INFO ] 2021-07-18 16:11:30.929 [Test worker] LogClass - Launched the web application.
[INFO ] 2021-07-18 16:11:38.044 [Test worker] LogClass - logoutPage:take failed screenshot 
[INFO ] 2021-07-18 16:11:38.212 [Test worker] LogClass - logoutPage:take failed screenshot 
[INFO ] 2021-07-18 16:11:38.224 [Test worker] LogClass - Browser is closed
[INFO ] 2021-07-18 16:11:42.868 [Test worker] LogClass - Test is ended
[INFO ] 2021-07-18 16:17:57.420 [Test worker] LogClass - Test is starting
[INFO ] 2021-07-18 16:17:58.205 [Test worker] LogClass - chrome is starting
[INFO ] 2021-07-18 16:18:13.605 [Test worker] LogClass - navigating to url : https://www.linkedin.com/
[INFO ] 2021-07-18 16:18:30.041 [Test worker] LogClass - Launched the web application.
[INFO ] 2021-07-18 16:18:31.991 [Test worker] LogClass - loginTo_Application_with_valid_credentials:take failed screenshot 
[INFO ] 2021-07-18 16:18:32.229 [Test worker] LogClass - Browser is closed
[INFO ] 2021-07-18 16:18:38.664 [Test worker] LogClass - Test is ended
[INFO ] 2021-07-18 16:21:22.538 [Test worker] LogClass - Test is starting
[INFO ] 2021-07-18 16:21:23.203 [Test worker] LogClass - chrome is starting
[INFO ] 2021-07-18 16:21:38.945 [Test worker] LogClass - navigating to url : https://www.linkedin.com/
[INFO ] 2021-07-18 16:21:45.068 [Test worker] LogClass - Launched the web application.
[INFO ] 2021-07-18 16:21:50.034 [Test worker] LogClass - loginTo_Application_with_valid_credentials:take failed screenshot 
[INFO ] 2021-07-18 16:21:50.063 [Test worker] LogClass - Browser is closed
[INFO ] 2021-07-18 16:21:51.240 [Test worker] LogClass - Test is ended
[INFO ] 2021-07-18 16:23:16.212 [Test worker] LogClass - Test is starting
[INFO ] 2021-07-18 16:23:16.852 [Test worker] LogClass - chrome is starting
[INFO ] 2021-07-18 16:23:24.312 [Test worker] LogClass - navigating to url : https://www.linkedin.com/
[INFO ] 2021-07-18 16:23:31.072 [Test worker] LogClass - Launched the web application.
[INFO ] 2021-07-18 16:24:00.185 [Test worker] LogClass - Sending email using sendKeys
[INFO ] 2021-07-18 16:24:01.926 [Test worker] LogClass - sending password using sendKeys
[INFO ] 2021-07-18 16:24:03.665 [Test worker] LogClass - clicking on signIn for logging into application
[INFO ] 2021-07-18 16:24:47.425 [Test worker] LogClass - loginTo_Application_with_valid_credentials:take success screenshot
[INFO ] 2021-07-18 16:24:48.295 [Test worker] LogClass - loginTo_Application_with_valid_credentials:take failed screenshot 
[INFO ] 2021-07-18 16:24:48.321 [Test worker] LogClass - Browser is closed
[INFO ] 2021-07-18 16:24:49.914 [Test worker] LogClass - Test is ended
[INFO ] 2021-07-18 16:25:29.497 [Test worker] LogClass - Test is starting
[INFO ] 2021-07-18 16:25:30.085 [Test worker] LogClass - chrome is starting
[INFO ] 2021-07-18 16:25:36.887 [Test worker] LogClass - navigating to url : https://www.linkedin.com/
[INFO ] 2021-07-18 16:25:42.700 [Test worker] LogClass - Launched the web application.
[INFO ] 2021-07-18 16:26:11.131 [Test worker] LogClass - Sending email using sendKeys
[INFO ] 2021-07-18 16:26:11.799 [Test worker] LogClass - sending password using sendKeys
[INFO ] 2021-07-18 16:26:12.429 [Test worker] LogClass - clicking on signIn for logging into application
[INFO ] 2021-07-18 16:26:44.410 [Test worker] LogClass - Clicking on profile button
[INFO ] 2021-07-18 16:26:45.020 [Test worker] LogClass - Clicking on sign out
[INFO ] 2021-07-18 16:26:48.136 [Test worker] LogClass - logoutPage:take success screenshot
[INFO ] 2021-07-18 16:26:50.944 [Test worker] LogClass - Sending email using sendKeys
[INFO ] 2021-07-18 16:26:51.546 [Test worker] LogClass - sending password using sendKeys
[INFO ] 2021-07-18 16:26:52.220 [Test worker] LogClass - clicking on signIn for logging into application
[INFO ] 2021-07-18 16:27:04.866 [Test worker] LogClass - Clicking on profile button
[INFO ] 2021-07-18 16:27:05.589 [Test worker] LogClass - Clicking on sign out
[INFO ] 2021-07-18 16:27:08.185 [Test worker] LogClass - logoutPage:take success screenshot
[INFO ] 2021-07-18 16:27:08.205 [Test worker] LogClass - Browser is closed
[INFO ] 2021-07-18 16:27:09.116 [Test worker] LogClass - Test is ended
[INFO ] 2021-07-18 17:33:41.684 [Test worker] LogClass - Test is starting
[INFO ] 2021-07-18 17:33:56.125 [Test worker] LogClass - chrome is starting
[INFO ] 2021-07-18 17:34:33.661 [Test worker] LogClass - navigating to url : https://www.linkedin.com/
[INFO ] 2021-07-18 17:34:51.354 [Test worker] LogClass - Launched the web application.
[INFO ] 2021-07-18 17:35:30.737 [Test worker] LogClass - Sending email using sendKeys
[INFO ] 2021-07-18 17:35:35.189 [Test worker] LogClass - sending password using sendKeys
[INFO ] 2021-07-18 17:35:35.925 [Test worker] LogClass - clicking on signIn for logging into application
[INFO ] 2021-07-18 17:36:06.774 [Test worker] LogClass - Clicking on profile button
[INFO ] 2021-07-18 17:36:07.364 [Test worker] LogClass - Clicking on sign out
[INFO ] 2021-07-18 17:36:10.074 [Test worker] LogClass - logoutPage:take success screenshot
[INFO ] 2021-07-18 17:36:13.226 [Test worker] LogClass - Sending email using sendKeys
[INFO ] 2021-07-18 17:36:13.846 [Test worker] LogClass - sending password using sendKeys
[INFO ] 2021-07-18 17:36:14.468 [Test worker] LogClass - clicking on signIn for logging into application
[INFO ] 2021-07-18 17:36:25.634 [Test worker] LogClass - Clicking on profile button
[INFO ] 2021-07-18 17:36:26.217 [Test worker] LogClass - Clicking on sign out
[INFO ] 2021-07-18 17:36:29.039 [Test worker] LogClass - logoutPage:take failed screenshot 
[INFO ] 2021-07-18 17:36:29.328 [Test worker] LogClass - Browser is closed
[INFO ] 2021-07-18 17:36:31.781 [Test worker] LogClass - Test is ended
[INFO ] 2021-07-18 23:22:06.867 [Test worker] LogClass - Test is starting
[INFO ] 2021-07-18 23:22:07.622 [Test worker] LogClass - chrome is starting
[INFO ] 2021-07-18 23:22:30.094 [Test worker] LogClass - navigating to url : https://www.linkedin.com/
[INFO ] 2021-07-18 23:22:40.612 [Test worker] LogClass - Launched the web application.
[INFO ] 2021-07-18 23:23:18.723 [Test worker] LogClass - Sending email using sendKeys
[INFO ] 2021-07-18 23:23:22.143 [Test worker] LogClass - sending password using sendKeys
[INFO ] 2021-07-18 23:23:23.105 [Test worker] LogClass - clicking on signIn for logging into application
[INFO ] 2021-07-18 23:24:00.861 [Test worker] LogClass - loginTo_Application_with_valid_credentials:take failed screenshot 
[INFO ] 2021-07-18 23:24:01.876 [Test worker] LogClass - Browser is closed
[INFO ] 2021-07-18 23:24:03.939 [Test worker] LogClass - Test is ended
[INFO ] 2021-07-18 23:25:23.634 [Test worker] LogClass - Test is starting
[INFO ] 2021-07-18 23:25:25.138 [Test worker] LogClass - chrome is starting
[INFO ] 2021-07-18 23:25:33.010 [Test worker] LogClass - navigating to url : https://www.linkedin.com/
[INFO ] 2021-07-18 23:25:38.504 [Test worker] LogClass - Launched the web application.
[INFO ] 2021-07-18 23:25:53.678 [Test worker] LogClass - Sending email using sendKeys
[INFO ] 2021-07-18 23:25:54.575 [Test worker] LogClass - sending password using sendKeys
[INFO ] 2021-07-18 23:25:55.313 [Test worker] LogClass - clicking on signIn for logging into application
[INFO ] 2021-07-18 23:26:18.976 [Test worker] LogClass - loginTo_Application_with_valid_credentials:take success screenshot
[INFO ] 2021-07-18 23:26:19.856 [Test worker] LogClass - Browser is closed
[INFO ] 2021-07-18 23:26:20.623 [Test worker] LogClass - Test is ended
[INFO ] 2021-07-18 23:29:02.323 [Test worker] LogClass - Test is starting
[INFO ] 2021-07-18 23:29:03.612 [Test worker] LogClass - chrome is starting
[INFO ] 2021-07-18 23:29:10.595 [Test worker] LogClass - navigating to url : https://www.linkedin.com/
[INFO ] 2021-07-18 23:29:13.412 [Test worker] LogClass - Launched the web application.
[INFO ] 2021-07-18 23:29:31.923 [Test worker] LogClass - Sending email using sendKeys
[INFO ] 2021-07-18 23:29:33.378 [Test worker] LogClass - sending password using sendKeys
[INFO ] 2021-07-18 23:29:34.231 [Test worker] LogClass - clicking on signIn for logging into application
[INFO ] 2021-07-18 23:30:03.792 [Test worker] LogClass - loginTo_Application_with_valid_credentials:take failed screenshot 
[INFO ] 2021-07-18 23:30:04.962 [Test worker] LogClass - Browser is closed
[INFO ] 2021-07-18 23:30:05.830 [Test worker] LogClass - Test is ended
[INFO ] 2021-07-18 23:30:57.682 [Test worker] LogClass - Test is starting
[INFO ] 2021-07-18 23:30:58.221 [Test worker] LogClass - chrome is starting
[INFO ] 2021-07-18 23:31:02.617 [Test worker] LogClass - navigating to url : https://www.linkedin.com/
[INFO ] 2021-07-18 23:31:08.028 [Test worker] LogClass - Launched the web application.
[INFO ] 2021-07-18 23:31:18.395 [Test worker] LogClass - Sending email using sendKeys
[INFO ] 2021-07-18 23:31:19.106 [Test worker] LogClass - sending password using sendKeys
[INFO ] 2021-07-18 23:31:19.798 [Test worker] LogClass - clicking on signIn for logging into application
[INFO ] 2021-07-18 23:31:47.500 [Test worker] LogClass - loginTo_Application_with_valid_credentials:take success screenshot
[INFO ] 2021-07-18 23:31:48.080 [Test worker] LogClass - Browser is closed
[INFO ] 2021-07-18 23:31:48.735 [Test worker] LogClass - Test is ended
[INFO ] 2021-07-18 23:35:16.234 [Test worker] LogClass - Test is starting
[INFO ] 2021-07-18 23:35:20.809 [Test worker] LogClass - chrome is starting
[INFO ] 2021-07-18 23:35:50.082 [Test worker] LogClass - navigating to url : https://www.linkedin.com/
[INFO ] 2021-07-18 23:36:07.424 [Test worker] LogClass - Launched the web application.
[INFO ] 2021-07-18 23:36:36.990 [Test worker] LogClass - Sending email using sendKeys
[INFO ] 2021-07-18 23:36:38.423 [Test worker] LogClass - sending password using sendKeys
[INFO ] 2021-07-18 23:36:40.837 [Test worker] LogClass - clicking on signIn for logging into application
[INFO ] 2021-07-18 23:37:26.068 [Test worker] LogClass - loginTo_Application_with_valid_credentials:take success screenshot
[INFO ] 2021-07-18 23:37:27.057 [Test worker] LogClass - Browser is closed
[INFO ] 2021-07-18 23:37:30.680 [Test worker] LogClass - Test is ended
[INFO ] 2021-07-18 23:38:34.364 [Test worker] LogClass - Test is starting
[INFO ] 2021-07-18 23:38:35.066 [Test worker] LogClass - chrome is starting
[INFO ] 2021-07-18 23:38:42.724 [Test worker] LogClass - navigating to url : https://www.linkedin.com/
